<?xml version="1.0" encoding="UTF-8"?>
<!-- Generated by org.testng.reporters.JUnitReportReporter -->
<testsuite hostname="DESKTOP-NVS8LC5" failures="0" tests="2" name="Practice_Test.DemoblazeTask3_60126" time="20.046" errors="0" timestamp="07 Jan 2026 05:51:21 GMT" skipped="0">
  <testcase classname="Practice_Test.DemoblazeTask3_60126" name="monitors" time="11.438"/>
  <testcase classname="Practice_Test.DemoblazeTask3_60126" name="monitors" time="8.608"/>
</testsuite> <!-- Practice_Test.DemoblazeTask3_60126 -->
