<?xml version="1.0" encoding="UTF-8"?>
<!-- Generated by org.testng.reporters.JUnitReportReporter -->
<testsuite hostname="DESKTOP-NVS8LC5" failures="0" tests="3" name="Practice_Test.Amazon_ProductInfoTest" time="23.771" errors="0" timestamp="26 Dec 2025 12:00:08 GMT" skipped="0">
  <testcase classname="Practice_Test.Amazon_ProductInfoTest" name="getProductInfo" time="7.990"/>
  <testcase classname="Practice_Test.Amazon_ProductInfoTest" name="getProductInfo" time="7.876"/>
  <testcase classname="Practice_Test.Amazon_ProductInfoTest" name="getProductInfo" time="7.905"/>
</testsuite> <!-- Practice_Test.Amazon_ProductInfoTest -->
