<?xml version="1.0" encoding="UTF-8"?>
<testng-results ignored="0" total="2" passed="2" failed="0" skipped="0">
  <reporter-output>
  </reporter-output>
  <suite started-at="2026-01-07T05:51:00Z" name="Default suite" finished-at="2026-01-07T05:51:21Z" duration-ms="21357">
    <groups>
    </groups>
    <test started-at="2026-01-07T05:51:00Z" name="Default test" finished-at="2026-01-07T05:51:21Z" duration-ms="21357">
      <class name="Practice_Test.DemoblazeTask3_60126">
        <test-method signature="monitors(java.lang.String, java.lang.String, java.lang.String, java.lang.String, java.lang.String, java.lang.String)[pri:0, instance:Practice_Test.DemoblazeTask3_60126@304bb45b]" started-at="2026-01-07T05:51:01Z" name="monitors" data-provider="getData" finished-at="2026-01-07T05:51:13Z" duration-ms="11438" status="PASS">
          <params>
            <param index="0">
              <value>
                <![CDATA[Rayudu]]>
              </value>
            </param>
            <param index="1">
              <value>
                <![CDATA[csk]]>
              </value>
            </param>
            <param index="2">
              <value>
                <![CDATA[chennai]]>
              </value>
            </param>
            <param index="3">
              <value>
                <![CDATA[7777777]]>
              </value>
            </param>
            <param index="4">
              <value>
                <![CDATA[7]]>
              </value>
            </param>
            <param index="5">
              <value>
                <![CDATA[7777]]>
              </value>
            </param>
          </params>
          <reporter-output>
          </reporter-output>
        </test-method> <!-- monitors -->
        <test-method signature="monitors(java.lang.String, java.lang.String, java.lang.String, java.lang.String, java.lang.String, java.lang.String)[pri:0, instance:Practice_Test.DemoblazeTask3_60126@304bb45b]" started-at="2026-01-07T05:51:13Z" name="monitors" data-provider="getData" finished-at="2026-01-07T05:51:21Z" duration-ms="8608" status="PASS">
          <params>
            <param index="0">
              <value>
                <![CDATA[thala]]>
              </value>
            </param>
            <param index="1">
              <value>
                <![CDATA[india]]>
              </value>
            </param>
            <param index="2">
              <value>
                <![CDATA[chennai]]>
              </value>
            </param>
            <param index="3">
              <value>
                <![CDATA[1234564]]>
              </value>
            </param>
            <param index="4">
              <value>
                <![CDATA[5645]]>
              </value>
            </param>
            <param index="5">
              <value>
                <![CDATA[1968]]>
              </value>
            </param>
          </params>
          <reporter-output>
          </reporter-output>
        </test-method> <!-- monitors -->
      </class> <!-- Practice_Test.DemoblazeTask3_60126 -->
    </test> <!-- Default test -->
  </suite> <!-- Default suite -->
</testng-results>
